log4j:WARN Continuable parsing error 166 and column 29
log4j:WARN Attribute "value" is required and must be specified for element type "priority".
log4j:WARN Continuable parsing error 166 and column 29
log4j:WARN Attribute "vale" must be declared for element type "priority".
log4j:ERROR Could not find TINKERTOY. All logging will FAIL.
java.net.UnknownHostException: TINKERTOY
	at java.net.Inet4AddressImpl.lookupAllHostAddr(Native Method)
	at java.net.InetAddress$1.lookupAllHostAddr(InetAddress.java:901)
	at java.net.InetAddress.getAddressesFromNameService(InetAddress.java:1293)
	at java.net.InetAddress.getAllByName0(InetAddress.java:1246)
	at java.net.InetAddress.getAllByName(InetAddress.java:1162)
	at java.net.InetAddress.getAllByName(InetAddress.java:1098)
	at java.net.InetAddress.getByName(InetAddress.java:1048)
	at org.apache.log4j.helpers.SyslogWriter.<init>(SyslogWriter.java:93)
	at org.apache.log4j.net.SyslogAppender.setSyslogHost(SyslogAppender.java:299)
	at sun.reflect.NativeMethodAccessorImpl.invoke0(Native Method)
	at sun.reflect.NativeMethodAccessorImpl.invoke(NativeMethodAccessorImpl.java:57)
	at sun.reflect.DelegatingMethodAccessorImpl.invoke(DelegatingMethodAccessorImpl.java:43)
	at java.lang.reflect.Method.invoke(Method.java:606)
	at org.apache.log4j.config.PropertySetter.setProperty(PropertySetter.java:205)
	at org.apache.log4j.config.PropertySetter.setProperty(PropertySetter.java:164)
	at org.apache.log4j.xml.DOMConfigurator.setParameter(DOMConfigurator.java:540)
	at org.apache.log4j.xml.DOMConfigurator.parseAppender(DOMConfigurator.java:192)
	at org.apache.log4j.xml.DOMConfigurator.findAppenderByName(DOMConfigurator.java:150)
	at org.apache.log4j.xml.DOMConfigurator.findAppenderByReference(DOMConfigurator.java:163)
	at org.apache.log4j.xml.DOMConfigurator.parseChildrenOfLoggerElement(DOMConfigurator.java:425)
	at org.apache.log4j.xml.DOMConfigurator.parseCategory(DOMConfigurator.java:345)
	at org.apache.log4j.xml.DOMConfigurator.parse(DOMConfigurator.java:827)
	at org.apache.log4j.xml.DOMConfigurator.doConfigure(DOMConfigurator.java:712)
	at org.apache.log4j.xml.DOMConfigurator.doConfigure(DOMConfigurator.java:618)
	at org.apache.log4j.xml.DOMConfigurator.configure(DOMConfigurator.java:743)
	at org.jboss.logging.Log4jService$URLWatchTimerTask.reconfigure(Log4jService.java:697)
	at org.jboss.logging.Log4jService$URLWatchTimerTask.run(Log4jService.java:636)
	at org.jboss.logging.Log4jService.setup(Log4jService.java:492)
	at org.jboss.logging.Log4jService.createService(Log4jService.java:528)
	at org.jboss.system.ServiceMBeanSupport.jbossInternalCreate(ServiceMBeanSupport.java:344)
	at org.jboss.system.ServiceMBeanSupport.jbossInternalLifecycle(ServiceMBeanSupport.java:320)
	at sun.reflect.NativeMethodAccessorImpl.invoke0(Native Method)
	at sun.reflect.NativeMethodAccessorImpl.invoke(NativeMethodAccessorImpl.java:57)
	at sun.reflect.DelegatingMethodAccessorImpl.invoke(DelegatingMethodAccessorImpl.java:43)
	at java.lang.reflect.Method.invoke(Method.java:606)
	at org.jboss.mx.interceptor.ReflectedDispatcher.invoke(ReflectedDispatcher.java:157)
	at org.jboss.mx.server.Invocation.dispatch(Invocation.java:96)
	at org.jboss.mx.interceptor.AbstractInterceptor.invoke(AbstractInterceptor.java:138)
	at org.jboss.mx.server.Invocation.invoke(Invocation.java:90)
	at org.jboss.mx.interceptor.ModelMBeanOperationInterceptor.invoke(ModelMBeanOperationInterceptor.java:140)
	at org.jboss.mx.server.Invocation.invoke(Invocation.java:90)
	at org.jboss.mx.server.AbstractMBeanInvoker.invoke(AbstractMBeanInvoker.java:264)
	at org.jboss.mx.server.MBeanServerImpl.invoke(MBeanServerImpl.java:668)
	at org.jboss.system.microcontainer.ServiceProxy.invoke(ServiceProxy.java:189)
	at com.sun.proxy.$Proxy39.create(Unknown Source)
	at org.jboss.system.microcontainer.CreateDestroyLifecycleAction.installAction(CreateDestroyLifecycleAction.java:42)
	at org.jboss.system.microcontainer.CreateDestroyLifecycleAction.installAction(CreateDestroyLifecycleAction.java:37)
	at org.jboss.dependency.plugins.action.SimpleControllerContextAction.simpleInstallAction(SimpleControllerContextAction.java:62)
	at org.jboss.dependency.plugins.action.AccessControllerContextAction.install(AccessControllerContextAction.java:71)
	at org.jboss.dependency.plugins.AbstractControllerContextActions.install(AbstractControllerContextActions.java:51)
	at org.jboss.dependency.plugins.AbstractControllerContext.install(AbstractControllerContext.java:348)
	at org.jboss.system.microcontainer.ServiceControllerContext.install(ServiceControllerContext.java:286)
	at org.jboss.dependency.plugins.AbstractController.install(AbstractController.java:1631)
	at org.jboss.dependency.plugins.AbstractController.incrementState(AbstractController.java:934)
	at org.jboss.dependency.plugins.AbstractController.resolveContexts(AbstractController.java:1082)
	at org.jboss.dependency.plugins.AbstractController.resolveContexts(AbstractController.java:984)
	at org.jboss.dependency.plugins.AbstractController.change(AbstractController.java:822)
	at org.jboss.dependency.plugins.AbstractController.change(AbstractController.java:553)
	at org.jboss.system.ServiceController.doChange(ServiceController.java:688)
	at org.jboss.system.ServiceController.create(ServiceController.java:422)
	at org.jboss.system.ServiceController.create(ServiceController.java:387)
	at org.jboss.system.deployers.ServiceDeployer.create(ServiceDeployer.java:158)
	at org.jboss.system.deployers.ServiceDeployer.deploy(ServiceDeployer.java:96)
	at org.jboss.system.deployers.ServiceDeployer.deploy(ServiceDeployer.java:46)
	at org.jboss.deployers.spi.deployer.helpers.AbstractSimpleRealDeployer.internalDeploy(AbstractSimpleRealDeployer.java:62)
	at org.jboss.deployers.spi.deployer.helpers.AbstractRealDeployer.deploy(AbstractRealDeployer.java:50)
	at org.jboss.deployers.plugins.deployers.DeployerWrapper.deploy(DeployerWrapper.java:171)
	at org.jboss.deployers.plugins.deployers.DeployersImpl.doDeploy(DeployersImpl.java:1439)
	at org.jboss.deployers.plugins.deployers.DeployersImpl.doInstallParentFirst(DeployersImpl.java:1157)
	at org.jboss.deployers.plugins.deployers.DeployersImpl.doInstallParentFirst(DeployersImpl.java:1178)
	at org.jboss.deployers.plugins.deployers.DeployersImpl.install(DeployersImpl.java:1098)
	at org.jboss.dependency.plugins.AbstractControllerContext.install(AbstractControllerContext.java:348)
	at org.jboss.dependency.plugins.AbstractController.install(AbstractController.java:1631)
	at org.jboss.dependency.plugins.AbstractController.incrementState(AbstractController.java:934)
	at org.jboss.dependency.plugins.AbstractController.resolveContexts(AbstractController.java:1082)
	at org.jboss.dependency.plugins.AbstractController.resolveContexts(AbstractController.java:984)
	at org.jboss.dependency.plugins.AbstractController.change(AbstractController.java:822)
	at org.jboss.dependency.plugins.AbstractController.change(AbstractController.java:553)
	at org.jboss.deployers.plugins.deployers.DeployersImpl.process(DeployersImpl.java:781)
	at org.jboss.deployers.plugins.main.MainDeployerImpl.process(MainDeployerImpl.java:702)
	at org.jboss.system.server.profileservice.repository.MainDeployerAdapter.process(MainDeployerAdapter.java:117)
	at org.jboss.system.server.profileservice.repository.ProfileDeployAction.install(ProfileDeployAction.java:70)
	at org.jboss.system.server.profileservice.repository.AbstractProfileAction.install(AbstractProfileAction.java:53)
	at org.jboss.system.server.profileservice.repository.AbstractProfileService.install(AbstractProfileService.java:361)
	at org.jboss.dependency.plugins.AbstractControllerContext.install(AbstractControllerContext.java:348)
	at org.jboss.dependency.plugins.AbstractController.install(AbstractController.java:1631)
	at org.jboss.dependency.plugins.AbstractController.incrementState(AbstractController.java:934)
	at org.jboss.dependency.plugins.AbstractController.resolveContexts(AbstractController.java:1082)
	at org.jboss.dependency.plugins.AbstractController.resolveContexts(AbstractController.java:984)
	at org.jboss.dependency.plugins.AbstractController.change(AbstractController.java:822)
	at org.jboss.dependency.plugins.AbstractController.change(AbstractController.java:553)
	at org.jboss.system.server.profileservice.repository.AbstractProfileService.activateProfile(AbstractProfileService.java:306)
	at org.jboss.system.server.profileservice.ProfileServiceBootstrap.start(ProfileServiceBootstrap.java:271)
	at org.jboss.bootstrap.AbstractServerImpl.start(AbstractServerImpl.java:461)
	at org.jboss.Main.boot(Main.java:221)
	at org.jboss.Main$1.run(Main.java:556)
	at java.lang.Thread.run(Thread.java:745)
